<?xml version="1.0" encoding="UTF-8"?>
<!-- Generated by org.testng.reporters.JUnitXMLReporter -->
<testsuite hostname="Shubhams-MBP.attlocal.net" name="Surefire test" tests="2" failures="0" timestamp="6 Jul 2023 15:08:41 GMT" time="0.098" errors="0">
  <testcase name="shouldAnswerWithTrue on shouldAnswerWithTrue(com.selenium.script.test_addressbook_selenium.AppTest)" time="0.004" classname="com.selenium.script.test_addressbook_selenium.AppTest"/>
  <testcase name="testFalse on testFalse(com.selenium.script.test_addressbook_selenium.AppTest)" time="0.0" classname="com.selenium.script.test_addressbook_selenium.AppTest"/>
</testsuite> <!-- Surefire test -->
