<?xml version="1.0" encoding="UTF-8"?>
<testng-results skipped="0" failed="0" total="2" passed="2">
  <reporter-output>
  </reporter-output>
  <suite name="Surefire suite" duration-ms="98" started-at="2023-07-06T15:08:41Z" finished-at="2023-07-06T15:08:41Z">
    <groups>
    </groups>
    <test name="Surefire test" duration-ms="98" started-at="2023-07-06T15:08:41Z" finished-at="2023-07-06T15:08:41Z">
      <class name="com.selenium.script.test_addressbook_selenium.AppTest">
        <test-method status="PASS" signature="shouldAnswerWithTrue()[pri:0, instance:shouldAnswerWithTrue(com.selenium.script.test_addressbook_selenium.AppTest)]" name="shouldAnswerWithTrue" duration-ms="4" started-at="2023-07-06T10:08:41Z" finished-at="2023-07-06T10:08:41Z">
          <reporter-output>
          </reporter-output>
        </test-method> <!-- shouldAnswerWithTrue -->
        <test-method status="PASS" signature="testFalse()[pri:0, instance:testFalse(com.selenium.script.test_addressbook_selenium.AppTest)]" name="testFalse" duration-ms="0" started-at="2023-07-06T10:08:41Z" finished-at="2023-07-06T10:08:41Z">
          <reporter-output>
          </reporter-output>
        </test-method> <!-- testFalse -->
      </class> <!-- com.selenium.script.test_addressbook_selenium.AppTest -->
    </test> <!-- Surefire test -->
  </suite> <!-- Surefire suite -->
</testng-results>
